C:\Users\valen\AppData\Local\Programs\CLion\bin\cmake\win\x64\bin\cmake.exe -DCMAKE_BUILD_TYPE=Debug -G "MinGW Makefiles" -S \\wsl.localhost\Ubuntu\home\valen\ITBA\Arqui_guias\Arqui_guias\Clion -B \\wsl.localhost\Ubuntu\home\valen\ITBA\Arqui_guias\Arqui_guias\Clion\cmake-build-debug
-- The C compiler identification is unknown
-- The CXX compiler identification is unknown
-- Detecting C compiler ABI info
-- Detecting C compiler ABI info - failed
-- Check for working C compiler: C:/Users/valen/AppData/Local/Programs/CLion/bin/mingw/bin/gcc.exe
-- Check for working C compiler: C:/Users/valen/AppData/Local/Programs/CLion/bin/mingw/bin/gcc.exe - broken
CMake Error at C:/Users/valen/AppData/Local/Programs/CLion/bin/cmake/win/x64/share/cmake-3.30/Modules/CMakeTestCCompiler.cmake:67 (message):
  The C compiler

    "C:/Users/valen/AppData/Local/Programs/CLion/bin/mingw/bin/gcc.exe"

  is not able to compile a simple test program.

  It fails with the following output:

    Change Dir: '//wsl.localhost/Ubuntu/home/valen/ITBA/Arqui_guias/Arqui_guias/Clion/cmake-build-debug/CMakeFiles/CMakeScratch/TryCompile-20vzjy'
    
    Run Build Command(s): C:/Users/valen/AppData/Local/Programs/CLion/bin/cmake/win/x64/bin/cmake.exe -E env VERBOSE=1 C:/Users/valen/AppData/Local/Programs/CLion/bin/mingw/bin/mingw32-make.exe -f Makefile cmTC_19d43/fast
    C:/Users/valen/AppData/Local/Programs/CLion/bin/mingw/bin/mingw32-make.exe  -f CMakeFiles\cmTC_19d43.dir\build.make CMakeFiles/cmTC_19d43.dir/build
    mingw32-make[1]: Entering directory '//wsl.localhost/Ubuntu/home/valen/ITBA/Arqui_guias/Arqui_guias/Clion/cmake-build-debug/CMakeFiles/CMakeScratch/TryCompile-20vzjy'
    Building C object CMakeFiles/cmTC_19d43.dir/testCCompiler.c.obj
    C:\Users\valen\AppData\Local\Programs\CLion\bin\mingw\bin\gcc.exe    -o CMakeFiles\cmTC_19d43.dir\testCCompiler.c.obj -c "\\wsl.localhost\Ubuntu\home\valen\ITBA\Arqui_guias\Arqui_guias\Clion\cmake-build-debug\CMakeFiles\CMakeScratch\TryCompile-20vzjy\testCCompiler.c"
    Assembler messages:
    Fatal error: can't create CMakeFiles\cmTC_19d43.dir\testCCompiler.c.obj: Invalid argument
    mingw32-make[1]: *** [CMakeFiles\cmTC_19d43.dir\build.make:77: CMakeFiles/cmTC_19d43.dir/testCCompiler.c.obj] Error 1
    mingw32-make[1]: Leaving directory '//wsl.localhost/Ubuntu/home/valen/ITBA/Arqui_guias/Arqui_guias/Clion/cmake-build-debug/CMakeFiles/CMakeScratch/TryCompile-20vzjy'
    mingw32-make: *** [Makefile:126: cmTC_19d43/fast] Error 2
    
    

  

  CMake will not be able to correctly generate this project.
Call Stack (most recent call first):
  CMakeLists.txt:2 (project)


-- Configuring incomplete, errors occurred!
